[0815/224515.652:ERROR:process_info.cc(375)] NtQuerySystemInformation SystemExtendedHandleInformation: La longitud del registro de información especificado no coincide con la longitud que se requiere para la clase de información especificada. (0xc0000004)
[0903/071147.374:ERROR:settings.cc(320)] Settings magic is not 1129342067
[1008/235317.431:ERROR:process_reader_win.cc(123)] NtOpenThread: {Acceso denegado} Un proceso ha solicitado acceso a un objeto, pero no se le han concedido esos derechos de acceso. (0xc0000022)
[1008/235317.938:ERROR:exception_snapshot_win.cc(99)] thread ID 8408 not found in process
[1012/084603.242:ERROR:directory_reader_win.cc(43)] FindFirstFile: El sistema no puede encontrar la ruta especificada. (0x3)
[1014/074343.672:ERROR:directory_reader_win.cc(43)] FindFirstFile: El sistema no puede encontrar la ruta especificada. (0x3)
[1015/074343.774:ERROR:directory_reader_win.cc(43)] FindFirstFile: El sistema no puede encontrar la ruta especificada. (0x3)
[1015/092117.551:ERROR:directory_reader_win.cc(43)] FindFirstFile: El sistema no puede encontrar la ruta especificada. (0x3)
[1015/133907.756:ERROR:directory_reader_win.cc(43)] FindFirstFile: El sistema no puede encontrar la ruta especificada. (0x3)
[1016/081338.660:ERROR:directory_reader_win.cc(43)] FindFirstFile: El sistema no puede encontrar la ruta especificada. (0x3)
[1016/122117.937:ERROR:directory_reader_win.cc(43)] FindFirstFile: El sistema no puede encontrar la ruta especificada. (0x3)
[1018/084829.092:ERROR:directory_reader_win.cc(43)] FindFirstFile: El sistema no puede encontrar la ruta especificada. (0x3)
[1024/140016.314:ERROR:directory_reader_win.cc(43)] FindFirstFile: El sistema no puede encontrar la ruta especificada. (0x3)
[1105/141353.276:ERROR:crash_report_database_win.cc(457)] unexpected header
[1107/101432.127:ERROR:crash_report_database_win.cc(457)] unexpected header
[1109/093706.616:ERROR:crash_report_database_win.cc(457)] unexpected header
[1109/094706.826:ERROR:crash_report_database_win.cc(457)] unexpected header
[1109/094706.859:ERROR:directory_reader_win.cc(43)] FindFirstFile: El sistema no puede encontrar la ruta especificada. (0x3)
[1109/094706.860:ERROR:crash_report_database_win.cc(457)] unexpected header
[1109/094706.860:ERROR:crash_report_database_win.cc(457)] unexpected header
[1109/095207.230:ERROR:crash_report_database_win.cc(457)] unexpected header
[1109/100707.398:ERROR:crash_report_database_win.cc(457)] unexpected header
[1109/102207.518:ERROR:crash_report_database_win.cc(457)] unexpected header
[1109/103707.593:ERROR:crash_report_database_win.cc(457)] unexpected header
[1109/105207.758:ERROR:crash_report_database_win.cc(457)] unexpected header
[1109/110707.962:ERROR:crash_report_database_win.cc(457)] unexpected header
[1109/112208.104:ERROR:crash_report_database_win.cc(457)] unexpected header
[1109/113708.523:ERROR:crash_report_database_win.cc(457)] unexpected header
[1109/115208.897:ERROR:crash_report_database_win.cc(457)] unexpected header
[1109/120709.148:ERROR:crash_report_database_win.cc(457)] unexpected header
[1109/122209.361:ERROR:crash_report_database_win.cc(457)] unexpected header
[1109/123709.430:ERROR:crash_report_database_win.cc(457)] unexpected header
[1109/125209.699:ERROR:crash_report_database_win.cc(457)] unexpected header
[1109/130709.850:ERROR:crash_report_database_win.cc(457)] unexpected header
[1109/132210.156:ERROR:crash_report_database_win.cc(457)] unexpected header
[1109/133710.345:ERROR:crash_report_database_win.cc(457)] unexpected header
[1109/135210.495:ERROR:crash_report_database_win.cc(457)] unexpected header
[1109/140710.745:ERROR:crash_report_database_win.cc(457)] unexpected header
[1109/142211.057:ERROR:crash_report_database_win.cc(457)] unexpected header
[1109/143711.103:ERROR:crash_report_database_win.cc(457)] unexpected header
[1109/145211.217:ERROR:crash_report_database_win.cc(457)] unexpected header
[1109/150711.328:ERROR:crash_report_database_win.cc(457)] unexpected header
[1109/152211.474:ERROR:crash_report_database_win.cc(457)] unexpected header
[1109/153711.602:ERROR:crash_report_database_win.cc(457)] unexpected header
[1109/155211.856:ERROR:crash_report_database_win.cc(457)] unexpected header
[1109/160711.909:ERROR:crash_report_database_win.cc(457)] unexpected header
[1109/162211.927:ERROR:crash_report_database_win.cc(457)] unexpected header
[1109/163711.963:ERROR:crash_report_database_win.cc(457)] unexpected header
[1109/165211.963:ERROR:crash_report_database_win.cc(457)] unexpected header
[1109/170711.963:ERROR:crash_report_database_win.cc(457)] unexpected header
[1109/172211.964:ERROR:crash_report_database_win.cc(457)] unexpected header
[1109/173711.964:ERROR:crash_report_database_win.cc(457)] unexpected header
[1109/175211.968:ERROR:crash_report_database_win.cc(457)] unexpected header
[1109/180711.968:ERROR:crash_report_database_win.cc(457)] unexpected header
[1109/182211.969:ERROR:crash_report_database_win.cc(457)] unexpected header
[1109/183711.969:ERROR:crash_report_database_win.cc(457)] unexpected header
[1109/185212.002:ERROR:crash_report_database_win.cc(457)] unexpected header
[1109/190712.011:ERROR:crash_report_database_win.cc(457)] unexpected header
[1109/192212.026:ERROR:crash_report_database_win.cc(457)] unexpected header
[1109/193712.026:ERROR:crash_report_database_win.cc(457)] unexpected header
[1109/195212.072:ERROR:crash_report_database_win.cc(457)] unexpected header
[1109/200712.458:ERROR:crash_report_database_win.cc(457)] unexpected header
[1109/202212.683:ERROR:crash_report_database_win.cc(457)] unexpected header
[1109/203712.704:ERROR:crash_report_database_win.cc(457)] unexpected header
[1109/205212.705:ERROR:crash_report_database_win.cc(457)] unexpected header
[1109/210712.727:ERROR:crash_report_database_win.cc(457)] unexpected header
[1109/212212.727:ERROR:crash_report_database_win.cc(457)] unexpected header
[1109/213712.727:ERROR:crash_report_database_win.cc(457)] unexpected header
[1109/215212.741:ERROR:crash_report_database_win.cc(457)] unexpected header
[1109/220712.741:ERROR:crash_report_database_win.cc(457)] unexpected header
[1110/080631.546:ERROR:crash_report_database_win.cc(457)] unexpected header
[1110/081631.662:ERROR:crash_report_database_win.cc(457)] unexpected header
[1110/081631.748:ERROR:directory_reader_win.cc(43)] FindFirstFile: El sistema no puede encontrar la ruta especificada. (0x3)
[1110/081631.748:ERROR:crash_report_database_win.cc(457)] unexpected header
[1110/081631.749:ERROR:crash_report_database_win.cc(457)] unexpected header
[1111/073739.499:ERROR:crash_report_database_win.cc(457)] unexpected header
[1111/074739.691:ERROR:crash_report_database_win.cc(457)] unexpected header
[1111/074739.712:ERROR:directory_reader_win.cc(43)] FindFirstFile: El sistema no puede encontrar la ruta especificada. (0x3)
[1111/074739.713:ERROR:crash_report_database_win.cc(457)] unexpected header
[1111/074739.714:ERROR:crash_report_database_win.cc(457)] unexpected header
[1111/075239.512:ERROR:crash_report_database_win.cc(457)] unexpected header
[1111/080739.536:ERROR:crash_report_database_win.cc(457)] unexpected header
[1111/082239.563:ERROR:crash_report_database_win.cc(457)] unexpected header
[1111/083739.599:ERROR:crash_report_database_win.cc(457)] unexpected header
[1111/085239.647:ERROR:crash_report_database_win.cc(457)] unexpected header
[1111/090739.658:ERROR:crash_report_database_win.cc(457)] unexpected header
[1111/092239.684:ERROR:crash_report_database_win.cc(457)] unexpected header
[1111/093739.760:ERROR:crash_report_database_win.cc(457)] unexpected header
[1111/095239.810:ERROR:crash_report_database_win.cc(457)] unexpected header
[1111/100739.836:ERROR:crash_report_database_win.cc(457)] unexpected header
[1111/102239.862:ERROR:crash_report_database_win.cc(457)] unexpected header
[1111/103739.893:ERROR:crash_report_database_win.cc(457)] unexpected header
[1111/105239.931:ERROR:crash_report_database_win.cc(457)] unexpected header
[1111/110739.948:ERROR:crash_report_database_win.cc(457)] unexpected header
[1111/112239.958:ERROR:crash_report_database_win.cc(457)] unexpected header
[1111/113739.959:ERROR:crash_report_database_win.cc(457)] unexpected header
[1111/115239.961:ERROR:crash_report_database_win.cc(457)] unexpected header
[1111/120739.961:ERROR:crash_report_database_win.cc(457)] unexpected header
[1111/122239.994:ERROR:crash_report_database_win.cc(457)] unexpected header
[1111/123740.045:ERROR:crash_report_database_win.cc(457)] unexpected header
[1111/125240.088:ERROR:crash_report_database_win.cc(457)] unexpected header
[1111/130740.093:ERROR:crash_report_database_win.cc(457)] unexpected header
[1111/132240.094:ERROR:crash_report_database_win.cc(457)] unexpected header
[1111/133740.097:ERROR:crash_report_database_win.cc(457)] unexpected header
[1111/144345.627:ERROR:directory_reader_win.cc(43)] FindFirstFile: El sistema no puede encontrar la ruta especificada. (0x3)
[1114/111703.035:ERROR:directory_reader_win.cc(43)] FindFirstFile: El sistema no puede encontrar la ruta especificada. (0x3)
[1119/063446.265:ERROR:directory_reader_win.cc(43)] FindFirstFile: El sistema no puede encontrar la ruta especificada. (0x3)
[1120/074912.621:ERROR:directory_reader_win.cc(43)] FindFirstFile: El sistema no puede encontrar la ruta especificada. (0x3)
[1121/114428.137:ERROR:directory_reader_win.cc(43)] FindFirstFile: El sistema no puede encontrar la ruta especificada. (0x3)
[1122/112506.797:ERROR:directory_reader_win.cc(43)] FindFirstFile: El sistema no puede encontrar la ruta especificada. (0x3)
[1125/000520.654:ERROR:directory_reader_win.cc(43)] FindFirstFile: El sistema no puede encontrar la ruta especificada. (0x3)
[1126/172049.205:ERROR:directory_reader_win.cc(43)] FindFirstFile: El sistema no puede encontrar la ruta especificada. (0x3)
[1126/210908.071:ERROR:directory_reader_win.cc(43)] FindFirstFile: El sistema no puede encontrar la ruta especificada. (0x3)
[1130/082927.823:ERROR:directory_reader_win.cc(43)] FindFirstFile: El sistema no puede encontrar la ruta especificada. (0x3)
[1130/224820.987:ERROR:directory_reader_win.cc(43)] FindFirstFile: El sistema no puede encontrar la ruta especificada. (0x3)
[1201/080335.015:ERROR:directory_reader_win.cc(43)] FindFirstFile: El sistema no puede encontrar la ruta especificada. (0x3)
[1201/165719.324:ERROR:directory_reader_win.cc(43)] FindFirstFile: El sistema no puede encontrar la ruta especificada. (0x3)
[1201/171430.065:ERROR:directory_reader_win.cc(43)] FindFirstFile: El sistema no puede encontrar la ruta especificada. (0x3)
[1203/065140.398:ERROR:directory_reader_win.cc(43)] FindFirstFile: El sistema no puede encontrar la ruta especificada. (0x3)
[1204/065140.406:ERROR:directory_reader_win.cc(43)] FindFirstFile: El sistema no puede encontrar la ruta especificada. (0x3)
[1205/222757.198:ERROR:directory_reader_win.cc(43)] FindFirstFile: El sistema no puede encontrar la ruta especificada. (0x3)
[1210/223605.867:ERROR:directory_reader_win.cc(43)] FindFirstFile: El sistema no puede encontrar la ruta especificada. (0x3)
[1211/062148.778:ERROR:directory_reader_win.cc(43)] FindFirstFile: El sistema no puede encontrar la ruta especificada. (0x3)
[1211/215850.081:ERROR:directory_reader_win.cc(43)] FindFirstFile: El sistema no puede encontrar la ruta especificada. (0x3)
[1213/074032.413:ERROR:directory_reader_win.cc(43)] FindFirstFile: El sistema no puede encontrar la ruta especificada. (0x3)
[1213/212315.790:ERROR:directory_reader_win.cc(43)] FindFirstFile: El sistema no puede encontrar la ruta especificada. (0x3)
[1214/073929.890:ERROR:directory_reader_win.cc(43)] FindFirstFile: El sistema no puede encontrar la ruta especificada. (0x3)
[1214/202953.721:ERROR:directory_reader_win.cc(43)] FindFirstFile: El sistema no puede encontrar la ruta especificada. (0x3)
[1215/081203.630:ERROR:directory_reader_win.cc(43)] FindFirstFile: El sistema no puede encontrar la ruta especificada. (0x3)
[1215/104549.665:ERROR:directory_reader_win.cc(43)] FindFirstFile: El sistema no puede encontrar la ruta especificada. (0x3)
[1215/150751.960:ERROR:directory_reader_win.cc(43)] FindFirstFile: El sistema no puede encontrar la ruta especificada. (0x3)
[1215/200318.677:ERROR:directory_reader_win.cc(43)] FindFirstFile: El sistema no puede encontrar la ruta especificada. (0x3)
[1216/062538.886:ERROR:directory_reader_win.cc(43)] FindFirstFile: El sistema no puede encontrar la ruta especificada. (0x3)
[1216/214955.770:ERROR:directory_reader_win.cc(43)] FindFirstFile: El sistema no puede encontrar la ruta especificada. (0x3)
[1217/121519.236:ERROR:directory_reader_win.cc(43)] FindFirstFile: El sistema no puede encontrar la ruta especificada. (0x3)
